<?xml version="1.0" encoding="UTF-8" ?>
<testsuite errors="0" failures="15" hostname="jgl-laptop" name="common.CustomerTest" tests="15" time="0.173" timestamp="2010-04-14T20:21:47">
  <properties>
[...]
</properties>
  <testcase classname="common.CustomerTest" name="testGetAddress" time="0.01">
    <failure message="expected:&lt;&gt; but was:&lt;null&gt;" type="junit.framework.ComparisonFailure">junit.framework.ComparisonFailure: expected:&lt;&gt; but was:&lt;null&gt;
	at common.CustomerTest.testGetAddress(CustomerTest.java:45)
</failure>
  </testcase>
  <testcase classname="common.CustomerTest" name="testSetAddress" time="0.0020">
    <failure message="The test case is a prototype." type="junit.framework.AssertionFailedError">junit.framework.AssertionFailedError: The test case is a prototype.
	at common.CustomerTest.testSetAddress(CustomerTest.java:59)
</failure>
  </testcase>
  <testcase classname="common.CustomerTest" name="testGetCity" time="0.0010">
    <failure message="expected:&lt;&gt; but was:&lt;null&gt;" type="junit.framework.ComparisonFailure">junit.framework.ComparisonFailure: expected:&lt;&gt; but was:&lt;null&gt;
	at common.CustomerTest.testGetCity(CustomerTest.java:70)
</failure>
  </testcase>
  <testcase classname="common.CustomerTest" name="testSetCity" time="0.0010">
    <failure message="The test case is a prototype." type="junit.framework.AssertionFailedError">junit.framework.AssertionFailedError: The test case is a prototype.
	at common.CustomerTest.testSetCity(CustomerTest.java:84)
</failure>
  </testcase>
  <testcase classname="common.CustomerTest" name="testGetName" time="0.0020">
    <failure message="expected:&lt;&gt; but was:&lt;null&gt;" type="junit.framework.ComparisonFailure">junit.framework.ComparisonFailure: expected:&lt;&gt; but was:&lt;null&gt;
	at common.CustomerTest.testGetName(CustomerTest.java:95)
</failure>
  </testcase>
  <testcase classname="common.CustomerTest" name="testSetName" time="0.0010">
    <failure message="The test case is a prototype." type="junit.framework.AssertionFailedError">junit.framework.AssertionFailedError: The test case is a prototype.
	at common.CustomerTest.testSetName(CustomerTest.java:109)
</failure>
  </testcase>
  <testcase classname="common.CustomerTest" name="testGetPhone" time="0.0020">
    <failure message="expected:&lt;&gt; but was:&lt;null&gt;" type="junit.framework.ComparisonFailure">junit.framework.ComparisonFailure: expected:&lt;&gt; but was:&lt;null&gt;
	at common.CustomerTest.testGetPhone(CustomerTest.java:120)
</failure>
  </testcase>
  <testcase classname="common.CustomerTest" name="testSetPhone" time="0.0010">
    <failure message="The test case is a prototype." type="junit.framework.AssertionFailedError">junit.framework.AssertionFailedError: The test case is a prototype.
	at common.CustomerTest.testSetPhone(CustomerTest.java:134)
</failure>
  </testcase>
  <testcase classname="common.CustomerTest" name="testGetState" time="0.0010">
    <failure message="expected:&lt;&gt; but was:&lt;null&gt;" type="junit.framework.ComparisonFailure">junit.framework.ComparisonFailure: expected:&lt;&gt; but was:&lt;null&gt;
	at common.CustomerTest.testGetState(CustomerTest.java:145)
</failure>
  </testcase>
  <testcase classname="common.CustomerTest" name="testSetState" time="0.0010">
    <failure message="The test case is a prototype." type="junit.framework.AssertionFailedError">junit.framework.AssertionFailedError: The test case is a prototype.
	at common.CustomerTest.testSetState(CustomerTest.java:159)
</failure>
  </testcase>
  <testcase classname="common.CustomerTest" name="testGetZip" time="0.0">
    <failure message="expected:&lt;&gt; but was:&lt;null&gt;" type="junit.framework.ComparisonFailure">junit.framework.ComparisonFailure: expected:&lt;&gt; but was:&lt;null&gt;
	at common.CustomerTest.testGetZip(CustomerTest.java:170)
</failure>
  </testcase>
  <testcase classname="common.CustomerTest" name="testSetZip" time="0.0010">
    <failure message="The test case is a prototype." type="junit.framework.AssertionFailedError">junit.framework.AssertionFailedError: The test case is a prototype.
	at common.CustomerTest.testSetZip(CustomerTest.java:184)
</failure>
  </testcase>
  <testcase classname="common.CustomerTest" name="testEquals" time="0.0010">
    <failure message="The test case is a prototype." type="junit.framework.AssertionFailedError">junit.framework.AssertionFailedError: The test case is a prototype.
	at common.CustomerTest.testEquals(CustomerTest.java:198)
</failure>
  </testcase>
  <testcase classname="common.CustomerTest" name="testHashCode" time="0.0010">
    <failure message="expected:&lt;0&gt; but was:&lt;485&gt;" type="junit.framework.AssertionFailedError">junit.framework.AssertionFailedError: expected:&lt;0&gt; but was:&lt;485&gt;
	at common.CustomerTest.testHashCode(CustomerTest.java:209)
</failure>
  </testcase>
  <testcase classname="common.CustomerTest" name="testToString" time="0.0010">
    <failure message="expected:&lt;[]&gt; but was:&lt;[null, null]&gt;" type="junit.framework.ComparisonFailure">junit.framework.ComparisonFailure: expected:&lt;[]&gt; but was:&lt;[null, null]&gt;
	at common.CustomerTest.testToString(CustomerTest.java:222)
</failure>
  </testcase>
  <system-out><![CDATA[getAddress
setAddress
getCity
setCity
getName
setName
getPhone
setPhone
getState
setState
getZip
setZip
equals
hashCode
toString
]]></system-out>
  <system-err><![CDATA[]]></system-err>
</testsuite>
